<?xml version="1.0" encoding="utf-8"?><testsuites><testsuite name="pytest" errors="0" failures="0" skipped="0" tests="1" time="18.644" timestamp="2021-11-12T00:30:23.088361" hostname="DESKTOP-LH3QL7K"><testcase classname="test_case.test_pczh.test_mainsteam.Test_Search" name="test_1search_key_word" time="18.563" /></testsuite></testsuites>