<?xml version="1.0" encoding="utf-8"?><testsuites><testsuite errors="0" failures="0" hostname="DESKTOP-JS1DTAL" name="pytest" skipped="0" tests="3" time="87.946" timestamp="2021-11-12T15:01:20.100534"><testcase classname="test_case.test_pczh.test_mainsteam.Test_Search" name="test_1search_key_word[case1]" time="39.392" /><testcase classname="test_case.test_pczh.test_mainsteam.Test_Search" name="test_1search_key_word[case2]" time="18.207" /><testcase classname="test_case.test_pczh.test_mainsteam.Test_Search" name="test_1search_key_word[case3]" time="21.106" /></testsuite></testsuites>